0 info it worked if it ends with ok
1 verbose cli [ '/usr/local/bin/node', '/usr/local/bin/npm', 'run', 'dev' ]
2 info using npm@4.0.5
3 info using node@v7.4.0
4 verbose run-script [ 'predev', 'dev', 'postdev' ]
5 info lifecycle element-starter@~predev: element-starter@
6 silly lifecycle element-starter@~predev: no script for predev, continuing
7 info lifecycle element-starter@~dev: element-starter@
8 verbose lifecycle element-starter@~dev: unsafe-perm in lifecycle true
9 verbose lifecycle element-starter@~dev: PATH: /usr/local/lib/node_modules/npm/bin/node-gyp-bin:/Applications/XAMPP/xamppfiles/htdocs/demo-project/node_modules/element-ui/node_modules/.bin:/Applications/XAMPP/xamppfiles/htdocs/demo-project/node_modules/.bin:/usr/local/bin:/usr/bin:/bin:/usr/sbin:/sbin
10 verbose lifecycle element-starter@~dev: CWD: /Applications/XAMPP/xamppfiles/htdocs/demo-project/node_modules/element-ui
11 silly lifecycle element-starter@~dev: Args: [ '-c', 'webpack-dev-server -d --inline --hot --env.dev' ]
12 silly lifecycle element-starter@~dev: Returned: code: 1  signal: null
13 info lifecycle element-starter@~dev: Failed to exec dev script
14 verbose stack Error: element-starter@ dev: `webpack-dev-server -d --inline --hot --env.dev`
14 verbose stack Exit status 1
14 verbose stack     at EventEmitter.<anonymous> (/usr/local/lib/node_modules/npm/lib/utils/lifecycle.js:279:16)
14 verbose stack     at emitTwo (events.js:106:13)
14 verbose stack     at EventEmitter.emit (events.js:191:7)
14 verbose stack     at ChildProcess.<anonymous> (/usr/local/lib/node_modules/npm/lib/utils/spawn.js:40:14)
14 verbose stack     at emitTwo (events.js:106:13)
14 verbose stack     at ChildProcess.emit (events.js:191:7)
14 verbose stack     at maybeClose (internal/child_process.js:885:16)
14 verbose stack     at Process.ChildProcess._handle.onexit (internal/child_process.js:226:5)
15 verbose pkgid element-starter@
16 verbose cwd /Applications/XAMPP/xamppfiles/htdocs/demo-project/node_modules/element-ui
17 error Darwin 15.5.0
18 error argv "/usr/local/bin/node" "/usr/local/bin/npm" "run" "dev"
19 error node v7.4.0
20 error npm  v4.0.5
21 error code ELIFECYCLE
22 error element-starter@ dev: `webpack-dev-server -d --inline --hot --env.dev`
22 error Exit status 1
23 error Failed at the element-starter@ dev script 'webpack-dev-server -d --inline --hot --env.dev'.
23 error Make sure you have the latest version of node.js and npm installed.
23 error If you do, this is most likely a problem with the element-starter package,
23 error not with npm itself.
23 error Tell the author that this fails on your system:
23 error     webpack-dev-server -d --inline --hot --env.dev
23 error You can get information on how to open an issue for this project with:
23 error     npm bugs element-starter
23 error Or if that isn't available, you can get their info via:
23 error     npm owner ls element-starter
23 error There is likely additional logging output above.
24 verbose exit [ 1, true ]
